-------------------------------------------------------------------------------
Test set: runner.RunCucumberTest
-------------------------------------------------------------------------------
Tests run: 1, Failures: 0, Errors: 1, Skipped: 0, Time elapsed: 0.021 s <<< FAILURE! - in runner.RunCucumberTest
runner.RunCucumberTest  Time elapsed: 0.004 s  <<< ERROR!
java.lang.IllegalArgumentException: Not a file or directory: C:\Users\Jeferson\IdeaProjects\QazandoSeleniumTest\"--tags

